<?xml version="1.0" encoding="UTF-8"?>
<!-- Generated by org.testng.reporters.JUnitReportReporter -->
<testsuite hostname="DESKTOP-60USC5F" failures="0" tests="1" name="com.crm.comcast.SDET32_GitPractice.ClassATest" time="0.014" errors="0" timestamp="2022-04-14T12:34:48 IST" skipped="0">
  <testcase classname="com.crm.comcast.SDET32_GitPractice.ClassATest" name="demoTest" time="0.014"/>
  <system-out/>
</testsuite> <!-- com.crm.comcast.SDET32_GitPractice.ClassATest -->
